#
# A fatal error has been detected by the Java Runtime Environment:
#
#  EXCEPTION_ACCESS_VIOLATION (0xc0000005) at pc=0x000001e21f9d4d88, pid=7460, tid=18308
#
# JRE version: Java(TM) SE Runtime Environment (22.0.1+8) (build 22.0.1+8-16)
# Java VM: Java HotSpot(TM) 64-Bit Server VM (22.0.1+8-16, mixed mode, sharing, tiered, compressed oops, compressed class ptrs, g1 gc, windows-amd64)
# Problematic frame:
# j  java.lang.invoke.DirectMethodHandle$Holder.newInvokeSpecial(Ljava/lang/Object;)Ljava/lang/Object;+15 java.base@22.0.1
#
# No core dump will be written. Minidumps are not enabled by default on client versions of Windows
#
# If you would like to submit a bug report, please visit:
#   https://bugreport.java.com/bugreport/crash.jsp
#

---------------  S U M M A R Y ------------

Command Line: -XX:+ShowCodeDetailsInExceptionMessages -agentlib:jdwp=transport=dt_socket,suspend=y,address=localhost:60417 -javaagent:C:\eclipse\configuration\org.eclipse.osgi\251\0\.cp\lib\javaagent-shaded.jar -Dfile.encoding=UTF-8 -Dstdout.encoding=UTF-8 -Dstderr.encoding=UTF-8 com.example.codesolver.CodeSolverApplication

Host: Intel(R) Core(TM) i3-7100U CPU @ 2.40GHz, 4 cores, 7G,  Windows 10 , 64 bit Build 19041 (10.0.19041.3636)
Time: Mon Jun 24 17:19:37 2024 India Standard Time elapsed time: 23140.653680 seconds (0d 6h 25m 40s)

---------------  T H R E A D  ---------------

Current thread (0x000001e274022440):  JavaThread "restartedMain"        [_thread_in_Java, id=18308, stack(0x0000000c16f00000,0x0000000c17000000) (1024K)]

Stack: [0x0000000c16f00000,0x0000000c17000000],  sp=0x0000000c16ffd150,  free space=1012k
Native frames: (J=compiled Java code, j=interpreted, Vv=VM code, C=native code)
C  0x000001e21f9d4d88  (no source info available)

The last pc belongs to invokestatic (printed below).

siginfo: EXCEPTION_ACCESS_VIOLATION (0xc0000005), reading address 0xffffffffffffffff


Registers:
RAX=0x000001e26edc2988, RBX=0x000001e26e026810, RCX=0x000001e22d095610, RDX=0x0000000000000002
RSP=0x0000000c16ffd150, RBP=0x0000000c16ffd1a8, RSI=0x000001e272c2d628, RDI=0x000001e27490f250
R8 =0x0000000000000004, R9 =0x0000000000000004, R10=0x00007ffcecc6b900, R11=0x000001e22d099908
R12=0x0000000000000000, R13=0xfffffffffffffff7, R14=0x0000000c16ffd1c8, R15=0x000001e274022440
RIP=0x000001e21f9d4d88, EFLAGS=0x0000000000010282


Register to memory mapping:

RAX=0x000001e26edc2988 is pointing into metadata
RBX={method} {0x000001e26e026818} 'linkToSpecial' '(Ljava/lang/Object;Ljava/lang/invoke/MemberName;)V' in 'java/lang/invoke/MethodHandle'
RCX=0x000001e22d095610 is pointing into metadata
RDX=0x0000000000000002 is an unknown value
RSP=0x0000000c16ffd150 is pointing into the stack for thread: 0x000001e274022440
RBP=0x0000000c16ffd1a8 is pointing into the stack for thread: 0x000001e274022440
RSI=0x000001e272c2d628 points into unknown readable memory: 0x80000400486bb078 | 78 b0 6b 48 00 04 00 80
RDI=0x000001e27490f250 points into unknown readable memory: 0x0000001800000070 | 70 00 00 00 18 00 00 00
R8 =0x0000000000000004 is an unknown value
R9 =0x0000000000000004 is an unknown value
R10=0x00007ffcecc6b900 jvm.dll
R11={method} {0x000001e22d099910} 'newInvokeSpecial' '(Ljava/lang/Object;)Ljava/lang/Object;' in 'java/lang/invoke/DirectMethodHandle$Holder'
R12=0x0 is null
R13=0xfffffffffffffff7 is an unknown value
R14=0x0000000c16ffd1c8 is pointing into the stack for thread: 0x000001e274022440
R15=0x000001e274022440 is a thread

Top of Stack: (sp=0x0000000c16ffd150)
0x0000000c16ffd150:   000001e21f9b9214 0000000083a153e0
0x0000000c16ffd160:   fffffffffffffff7 000001e22d6efa07
0x0000000c16ffd170:   0000000000000004 000001e22d0950d0
0x0000000c16ffd180:   000001e26edc2980 0000000081ab1990
0x0000000c16ffd190:   000001e22d099908 0000000000000000
0x0000000c16ffd1a0:   0000000c16ffd1d0 0000000083a15458
0x0000000c16ffd1b0:   000001e22010815d 0000000083a15428
0x0000000c16ffd1c0:   0000000083a153e0 0000000083a153f8
0x0000000c16ffd1d0:   0000000083a15470 0000000083a15470
0x0000000c16ffd1e0:   0000000083a153f8 0000000100000000
0x0000000c16ffd1f0:   0000000083a15470 0000000083a15458
0x0000000c16ffd200:   0000000083a15480 0000000081bcedc0
0x0000000c16ffd210:   00000000821208f8 000000008365b080
0x0000000c16ffd220:   0000000082d78dd0 82d78dd000000001
0x0000000c16ffd230:   0000000000000001 0000000083c717f8
0x0000000c16ffd240:   000001e22010750c 000001e21872a944
0x0000000c16ffd250:   0000000c16ffd4c0 000001e218eaa9df
0x0000000c16ffd260:   0000000c16ffd4c0 000001e218824504
0x0000000c16ffd270:   000000008365bbd8 000000008365bbd8
0x0000000c16ffd280:   00000000821312c8 0000000000000002
0x0000000c16ffd290:   000000008365bb98 000001e2201951f0
0x0000000c16ffd2a0:   0000000082d78dd0 00000000823d7000
0x0000000c16ffd2b0:   000001e22e32b218 0000000083a15480
0x0000000c16ffd2c0:   0000000083a154c8 0000000083a15470
0x0000000c16ffd2d0:   0000000000000000 0000000c16ffd5b8
0x0000000c16ffd2e0:   000001e2190acb24 0000000000000000
0x0000000c16ffd2f0:   0000000000000000 000001e21ff99a86
0x0000000c16ffd300:   0000000081bcedc0 0000000083c56e28
0x0000000c16ffd310:   0000000081d084e0 0000000081d2e368
0x0000000c16ffd320:   0000000082d78dd0 0000000083c71938
0x0000000c16ffd330:   0000000081d2e3c0 000001e2201c23b5
0x0000000c16ffd340:   00000000821208f8 0000000082120908 

Instructions: (pc=0x000001e21f9d4d88)
0x000001e21f9d4c88:   ff d0 48 83 c4 20 ff e0 49 83 7f 08 00 0f 84 05
0x000001e21f9d4c98:   00 00 00 e9 60 c2 fd ff 4c 8b 6d c0 4c 8b 75 c8
0x000001e21f9d4ca8:   4e 8d 74 f5 00 c3 48 8b 4d d0 41 0f b7 55 01 48
0x000001e21f9d4cb8:   8b 49 30 6b d2 18 48 8d 4c 11 08 48 8b 19 48 8b
0x000001e21f9d4cc8:   5b 08 48 8b 5b 08 48 8b 5b 18 80 bb 20 01 00 00
0x000001e21f9d4cd8:   05 0f 84 0d 00 00 00 4c 3b bb 30 01 00 00 0f 85
0x000001e21f9d4ce8:   63 fe ff ff 0f b6 51 15 48 8b 19 4c 89 6d c0 44
0x000001e21f9d4cf8:   8b ea 0f b6 51 14 49 ba 00 b9 c6 ec fc 7f 00 00
0x000001e21f9d4d08:   49 8b 14 d2 52 41 8b d5 4c 8b 6d c0 48 8b 45 d8
0x000001e21f9d4d18:   48 85 c0 0f 84 12 00 00 00 48 83 40 08 01 48 83
0x000001e21f9d4d28:   58 08 00 48 83 c0 10 48 89 45 d8 48 8b 45 d8 48
0x000001e21f9d4d38:   85 c0 0f 84 3d 01 00 00 80 78 f0 0a 0f 85 33 01
0x000001e21f9d4d48:   00 00 48 83 c0 08 4c 8b 68 f8 41 83 ed 00 41 83
0x000001e21f9d4d58:   fd 02 0f 8c 12 01 00 00 4c 8b 6b 08 45 0f b7 6d
0x000001e21f9d4d68:   2e 4c 2b 28 41 83 ed 01 4e 8b 6c ec 08 4d 85 ed
0x000001e21f9d4d78:   75 0e f6 40 08 01 75 58 f0 48 83 48 08 01 eb 50
0x000001e21f9d4d88:   45 8b 6d 08 49 ba 00 00 00 2d e2 01 00 00 4d 03
0x000001e21f9d4d98:   ea 4d 8b d5 4c 33 68 08 49 f7 c5 fc ff ff ff 74
0x000001e21f9d4da8:   2f 41 f6 c5 02 75 29 48 83 78 08 00 74 1e 48 83
0x000001e21f9d4db8:   78 08 01 74 17 4d 8b ea 4c 33 68 08 49 f7 c5 fc
0x000001e21f9d4dc8:   ff ff ff 74 0b 48 83 48 08 02 eb 04 4c 89 68 08
0x000001e21f9d4dd8:   48 83 c0 10 4c 8b 68 e8 41 83 ed 02 41 83 fd 02
0x000001e21f9d4de8:   0f 8c 84 00 00 00 4c 8b 6b 08 45 0f b7 6d 2e 4c
0x000001e21f9d4df8:   2b 28 41 83 ed 01 4e 8b 6c ec 08 4d 85 ed 75 0e
0x000001e21f9d4e08:   f6 40 08 01 75 58 f0 48 83 48 08 01 eb 50 45 8b
0x000001e21f9d4e18:   6d 08 49 ba 00 00 00 2d e2 01 00 00 4d 03 ea 4d
0x000001e21f9d4e28:   8b d5 4c 33 68 08 49 f7 c5 fc ff ff ff 74 2f 41
0x000001e21f9d4e38:   f6 c5 02 75 29 48 83 78 08 00 74 1e 48 83 78 08
0x000001e21f9d4e48:   01 74 17 4d 8b ea 4c 33 68 08 49 f7 c5 fc ff ff
0x000001e21f9d4e58:   ff 74 0b 48 83 48 08 02 eb 04 4c 89 68 08 48 83
0x000001e21f9d4e68:   c0 10 4c 8b 68 d8 41 83 ed 04 41 c1 e5 03 49 03
0x000001e21f9d4e78:   c5 48 89 45 d8 4c 8d 6c 24 08 49 8b cd 48 2b cd 


Stack slot to memory mapping:

stack at sp + 0 slots: 0x000001e21f9b9214 is at code_begin+3476 in an Interpreter codelet
return entry points  [0x000001e21f9b8480, 0x000001e21f9ba680]  8704 bytes
stack at sp + 1 slots: 0x0000000083a153e0 is an oop: com.example.codesolver.serviceImpl.ContactUsServiceImpl 
{0x0000000083a153e0} - klass: 'com/example/codesolver/serviceImpl/ContactUsServiceImpl'
 - ---- fields (total size 3 words):
 - private 'sender' 'LJavaMailSender;' @12  null (0x00000000)
 - private 'userRepository' 'Lcom/example/codesolver/repository/UserRepository;' @16  null (0x00000000)
 - private 'contactUsRepo' 'Lcom/example/codesolver/repository/ContactUsRepository;' @20  null (0x00000000)
stack at sp + 2 slots: 0xfffffffffffffff7 is an unknown value
stack at sp + 3 slots: 0x000001e22d6efa07 is pointing into metadata
stack at sp + 4 slots: 0x0000000000000004 is an unknown value
stack at sp + 5 slots: 0x000001e22d0950d0 is pointing into metadata
stack at sp + 6 slots: 0x000001e26edc2980 is pointing into metadata
stack at sp + 7 slots: 0x0000000081ab1990 is an oop: java.lang.Class 
{0x0000000081ab1990} - klass: 'java/lang/Class'
 - ---- fields (total size 14 words):
 - private volatile transient 'classRedefinedCount' 'I' @12  0 (0x00000000)
 - injected 'klass' 'J' @16  2070929820824 (0x000001e22d094c98)
 - injected 'array_klass' 'J' @24  0 (0x0000000000000000)
 - injected 'oop_size' 'I' @32  14 (0x0000000e)
 - injected 'static_oop_field_count' 'I' @36  0 (0x00000000)
 - private volatile transient 'cachedConstructor' 'Ljava/lang/reflect/Constructor;' @40  null (0x00000000)
 - private transient 'name' 'Ljava/lang/String;' @44  null (0x00000000)
 - private transient 'module' 'Ljava/lang/Module;' @48  a 'java/lang/Module'{0x0000000081a9b4d0} (0x81a9b4d0)
 - private final 'classLoader' 'Ljava/lang/ClassLoader;' @52  null (0x00000000)
 - private transient 'classData' 'Ljava/lang/Object;' @56  null (0x00000000)
 - private transient 'packageName' 'Ljava/lang/String;' @60  null (0x00000000)
 - private final 'componentType' 'Ljava/lang/Class;' @64  null (0x00000000)
 - private volatile transient 'reflectionData' 'Ljava/lang/ref/SoftReference;' @68  null (0x00000000)
 - private volatile transient 'genericInfo' 'Lsun/reflect/generics/repository/ClassRepository;' @72  null (0x00000000)
 - private volatile transient 'enumConstants' '[Ljava/lang/Object;' @76  null (0x00000000)
 - private volatile transient 'enumConstantDirectory' 'Ljava/util/Map;' @80  null (0x00000000)
 - private volatile transient 'annotationData' 'Ljava/lang/Class$AnnotationData;' @84  null (0x00000000)
 - private volatile transient 'annotationType' 'Lsun/reflect/annotation/AnnotationType;' @88  null (0x00000000)
 - transient 'classValueMap' 'Ljava/lang/ClassValue$ClassValueMap;' @92  null (0x00000000)
 - injected 'protection_domain' 'Ljava/lang/Object;' @96  null (0x00000000)
 - injected 'signers_name' 'Ljava/lang/Object;' @100  null (0x00000000)
 - injected 'source_file' 'Ljava/lang/Object;' @104  null (0x00000000)
 - signature: Ljava/lang/invoke/DirectMethodHandle$Holder;
 - ---- static fields (0):

invokestatic  184 invokestatic  [0x000001e21f9d4b00, 0x000001e21f9d4ea0]  928 bytes
[MachCode]
  0x000001e21f9d4b00: 4883 ec08 | c5fa 1104 | 24eb 1f48 | 83ec 10c5 | fb11 0424 | eb14 4883 | ec10 4889 | 0424 48c7 
  0x000001e21f9d4b20: 4424 0800 | 0000 00eb | 0150 488b | 4dd0 410f | b755 0148 | 8b49 306b | d218 488d | 4c11 080f 
  0x000001e21f9d4b40: b659 1681 | fbb8 0000 | 000f 8474 | 0100 00bb | b800 0000 | e805 0000 | 00e9 5001 | 0000 488b 
  0x000001e21f9d4b60: d348 8d44 | 2408 4c89 | 6dc0 498b | cfc5 f877 | 4989 afb0 | 0300 0049 | 8987 a003 | 0000 4883 
  0x000001e21f9d4b80: ec20 40f6 | c40f 0f84 | 1900 0000 | 4883 ec08 | 48b8 30ce | 3cec fc7f | 0000 ffd0 | 4883 c408 
  0x000001e21f9d4ba0: e90c 0000 | 0048 b830 | ce3c ecfc | 7f00 00ff | d048 83c4 | 2049 c787 | a003 0000 | 0000 0000 
  0x000001e21f9d4bc0: 49c7 87b0 | 0300 0000 | 0000 0049 | c787 a803 | 0000 0000 | 0000 c5f8 | 7741 8b8f | 3405 0000 
  0x000001e21f9d4be0: f6c1 010f | 8442 0000 | 00f6 c102 | 0f85 3900 | 0000 4883 | ec20 40f6 | c40f 0f84 | 1900 0000 
  0x000001e21f9d4c00: 4883 ec08 | 48b8 6078 | 3cec fc7f | 0000 ffd0 | 4883 c408 | e90c 0000 | 0048 b860 | 783c ecfc 
  0x000001e21f9d4c20: 7f00 00ff | d048 83c4 | 20ff e049 | 8b8f e005 | 0000 4885 | c90f 8455 | 0000 008b | 899c 0000 
  0x000001e21f9d4c40: 0083 f901 | 0f85 4600 | 0000 498b | 8fe0 0500 | 008b 89a0 | 0000 0048 | 83ec 2040 | f6c4 0f0f 
  0x000001e21f9d4c60: 8419 0000 | 0048 83ec | 0848 b850 | 783c ecfc | 7f00 00ff | d048 83c4 | 08e9 0c00 | 0000 48b8 
  0x000001e21f9d4c80: 5078 3cec | fc7f 0000 | ffd0 4883 | c420 ffe0 | 4983 7f08 | 000f 8405 | 0000 00e9 | 60c2 fdff 
  0x000001e21f9d4ca0: 4c8b 6dc0 | 4c8b 75c8 | 4e8d 74f5 | 00c3 488b | 4dd0 410f | b755 0148 | 8b49 306b | d218 488d 
  0x000001e21f9d4cc0: 4c11 0848 | 8b19 488b | 5b08 488b | 5b08 488b | 5b18 80bb | 2001 0000 | 050f 840d | 0000 004c 
  0x000001e21f9d4ce0: 3bbb 3001 | 0000 0f85 | 63fe ffff | 0fb6 5115 | 488b 194c | 896d c044 | 8bea 0fb6 | 5114 49ba 
  0x000001e21f9d4d00: 00b9 c6ec | fc7f 0000 | 498b 14d2 | 5241 8bd5 | 4c8b 6dc0 | 488b 45d8 | 4885 c00f | 8412 0000 
  0x000001e21f9d4d20: 0048 8340 | 0801 4883 | 5808 0048 | 83c0 1048 | 8945 d848 | 8b45 d848 | 85c0 0f84 | 3d01 0000 
  0x000001e21f9d4d40: 8078 f00a | 0f85 3301 | 0000 4883 | c008 4c8b | 68f8 4183 | ed00 4183 | fd02 0f8c | 1201 0000 
  0x000001e21f9d4d60: 4c8b 6b08 | 450f b76d | 2e4c 2b28 | 4183 ed01 | 4e8b 6cec | 084d 85ed | 750e f640 | 0801 7558 
  0x000001e21f9d4d80: f048 8348 | 0801 eb50 | 458b 6d08 | 49ba 0000 | 002d e201 | 0000 4d03 | ea4d 8bd5 | 4c33 6808 
  0x000001e21f9d4da0: 49f7 c5fc | ffff ff74 | 2f41 f6c5 | 0275 2948 | 8378 0800 | 741e 4883 | 7808 0174 | 174d 8bea 
  0x000001e21f9d4dc0: 4c33 6808 | 49f7 c5fc | ffff ff74 | 0b48 8348 | 0802 eb04 | 4c89 6808 | 4883 c010 | 4c8b 68e8 
  0x000001e21f9d4de0: 4183 ed02 | 4183 fd02 | 0f8c 8400 | 0000 4c8b | 6b08 450f | b76d 2e4c | 2b28 4183 | ed01 4e8b 
  0x000001e21f9d4e00: 6cec 084d | 85ed 750e | f640 0801 | 7558 f048 | 8348 0801 | eb50 458b | 6d08 49ba | 0000 002d 
  0x000001e21f9d4e20: e201 0000 | 4d03 ea4d | 8bd5 4c33 | 6808 49f7 | c5fc ffff | ff74 2f41 | f6c5 0275 | 2948 8378 
  0x000001e21f9d4e40: 0800 741e | 4883 7808 | 0174 174d | 8bea 4c33 | 6808 49f7 | c5fc ffff | ff74 0b48 | 8348 0802 
  0x000001e21f9d4e60: eb04 4c89 | 6808 4883 | c010 4c8b | 68d8 4183 | ed04 41c1 | e503 4903 | c548 8945 | d84c 8d6c 
  0x000001e21f9d4e80: 2408 498b | cd48 2bcd | 48c1 f903 | 4889 4df0 | 4180 bfe8 | 0500 0000 | 7403 ff63 | 38ff 6350 
[/MachCode]

---------------  P R O C E S S  ---------------

Threads class SMR info:
_java_thread_list=0x000001e2768a9a90, length=22, elements={
0x000001e22c0fdf60, 0x000001e22c0ff0a0, 0x000001e22c104c80, 0x000001e22c1056e0,
0x000001e22c106140, 0x000001e22c106ba0, 0x000001e22c107930, 0x000001e22c15e790,
0x000001e22c2e8f60, 0x000001e22c46b690, 0x000001e22c44b770, 0x000001e22c44be00,
0x000001e2721a7140, 0x000001e27429d440, 0x000001e274021090, 0x000001e274021720,
0x000001e27401f650, 0x000001e274022440, 0x000001e2740258c0, 0x000001e274023160,
0x000001e2740237f0, 0x000001e274024510
}

Java Threads: ( => current thread )
  0x000001e22c0fdf60 JavaThread "Reference Handler"          daemon [_thread_blocked, id=23276, stack(0x0000000c15e00000,0x0000000c15f00000) (1024K)]
  0x000001e22c0ff0a0 JavaThread "Finalizer"                  daemon [_thread_blocked, id=13992, stack(0x0000000c15f00000,0x0000000c16000000) (1024K)]
  0x000001e22c104c80 JavaThread "Signal Dispatcher"          daemon [_thread_blocked, id=16236, stack(0x0000000c16000000,0x0000000c16100000) (1024K)]
  0x000001e22c1056e0 JavaThread "Attach Listener"            daemon [_thread_blocked, id=17156, stack(0x0000000c16100000,0x0000000c16200000) (1024K)]
  0x000001e22c106140 JavaThread "Service Thread"             daemon [_thread_blocked, id=11828, stack(0x0000000c16200000,0x0000000c16300000) (1024K)]
  0x000001e22c106ba0 JavaThread "Monitor Deflation Thread"   daemon [_thread_blocked, id=17572, stack(0x0000000c16300000,0x0000000c16400000) (1024K)]
  0x000001e22c107930 JavaThread "C2 CompilerThread0"         daemon [_thread_blocked, id=20064, stack(0x0000000c16400000,0x0000000c16500000) (1024K)]
  0x000001e22c15e790 JavaThread "C1 CompilerThread0"         daemon [_thread_blocked, id=15508, stack(0x0000000c16500000,0x0000000c16600000) (1024K)]
  0x000001e22c2e8f60 JavaThread "Common-Cleaner"             daemon [_thread_blocked, id=7836, stack(0x0000000c16600000,0x0000000c16700000) (1024K)]
  0x000001e22c46b690 JavaThread "JDWP Transport Listener: dt_socket" daemon [_thread_blocked, id=17828, stack(0x0000000c16700000,0x0000000c16800000) (1024K)]
  0x000001e22c44b770 JavaThread "JDWP Event Helper Thread"   daemon [_thread_blocked, id=1556, stack(0x0000000c16800000,0x0000000c16900000) (1024K)]
  0x000001e22c44be00 JavaThread "JDWP Command Reader"        daemon [_thread_blocked, id=9248, stack(0x0000000c16900000,0x0000000c16a00000) (1024K)]
  0x000001e2721a7140 JavaThread "Notification Thread"        daemon [_thread_blocked, id=17512, stack(0x0000000c16a00000,0x0000000c16b00000) (1024K)]
  0x000001e27429d440 JavaThread "mysql-cj-abandoned-connection-cleanup" daemon [_thread_blocked, id=9516, stack(0x0000000c17300000,0x0000000c17400000) (1024K)]
  0x000001e274021090 JavaThread "DestroyJavaVM"                     [_thread_blocked, id=21796, stack(0x0000000c15600000,0x0000000c15700000) (1024K)]
  0x000001e274021720 JavaThread "Thread-13"                         [_thread_blocked, id=22956, stack(0x0000000c15400000,0x0000000c15500000) (1024K)]
  0x000001e27401f650 JavaThread "File Watcher"               daemon [_thread_blocked, id=6500, stack(0x0000000c16e00000,0x0000000c16f00000) (1024K)]
=>0x000001e274022440 JavaThread "restartedMain"                     [_thread_in_Java, id=18308, stack(0x0000000c16f00000,0x0000000c17000000) (1024K)]
  0x000001e2740258c0 JavaThread "Catalina-utility-1"                [_thread_blocked, id=14356, stack(0x0000000c17000000,0x0000000c17100000) (1024K)]
  0x000001e274023160 JavaThread "Catalina-utility-2"                [_thread_blocked, id=18764, stack(0x0000000c17100000,0x0000000c17200000) (1024K)]
  0x000001e2740237f0 JavaThread "container-1"                       [_thread_blocked, id=3180, stack(0x0000000c17200000,0x0000000c17300000) (1024K)]
  0x000001e274024510 JavaThread "HikariPool-5 housekeeper"   daemon [_thread_blocked, id=21364, stack(0x0000000c17400000,0x0000000c17500000) (1024K)]
Total: 22

Other Threads:
  0x000001e22c0e5580 VMThread "VM Thread"                           [id=5344, stack(0x0000000c15d00000,0x0000000c15e00000) (1024K)] _threads_hazard_ptr=0x000001e2768a9a90
  0x000001e22c0cd010 WatcherThread "VM Periodic Task Thread"        [id=256, stack(0x0000000c15c00000,0x0000000c15d00000) (1024K)]
  0x000001e21018d210 WorkerThread "GC Thread#0"                     [id=22200, stack(0x0000000c15700000,0x0000000c15800000) (1024K)]
  0x000001e2724ef6a0 WorkerThread "GC Thread#1"                     [id=13732, stack(0x0000000c16b00000,0x0000000c16c00000) (1024K)]
  0x000001e2725e2850 WorkerThread "GC Thread#2"                     [id=13340, stack(0x0000000c16c00000,0x0000000c16d00000) (1024K)]
  0x000001e272604610 WorkerThread "GC Thread#3"                     [id=16064, stack(0x0000000c16d00000,0x0000000c16e00000) (1024K)]
  0x000001e21019df40 ConcurrentGCThread "G1 Main Marker"            [id=3956, stack(0x0000000c15800000,0x0000000c15900000) (1024K)]
  0x000001e21019ea50 WorkerThread "G1 Conc#0"                       [id=6508, stack(0x0000000c15900000,0x0000000c15a00000) (1024K)]
  0x000001e2101fe8d0 ConcurrentGCThread "G1 Refine#0"               [id=220, stack(0x0000000c15a00000,0x0000000c15b00000) (1024K)]
  0x000001e22bf91920 ConcurrentGCThread "G1 Service"                [id=18336, stack(0x0000000c15b00000,0x0000000c15c00000) (1024K)]
Total: 10

Threads with active compile tasks:
Total: 0

VM state: synchronizing (normal execution)

VM Mutex/Monitor currently owned by a thread:  ([mutex/lock_event])
[0x00007ffcecc5bbb8] Threads_lock - owner thread: 0x000001e22c0e5580

Heap address: 0x0000000081600000, size: 2026 MB, Compressed Oops mode: 32-bit

CDS archive(s) mapped at: [0x000001e22d000000-0x000001e22dc60000-0x000001e22dc60000), size 12976128, SharedBaseAddress: 0x000001e22d000000, ArchiveRelocationMode: 1.
Compressed class space mapped at: 0x000001e22e000000-0x000001e26e000000, reserved size: 1073741824
Narrow klass base: 0x000001e22d000000, Narrow klass shift: 0, Narrow klass range: 0x41000000

GC Precious Log:
 CardTable entry size: 512
 Card Set container configuration: InlinePtr #cards 5 size 8 Array Of Cards #cards 12 size 40 Howl #buckets 4 coarsen threshold 1843 Howl Bitmap #cards 512 size 80 coarsen threshold 460 Card regions per heap region 1 cards per card region 2048
 CPUs: 4 total, 4 available
 Memory: 8103M
 Large Page Support: Disabled
 NUMA Support: Disabled
 Compressed Oops: Enabled (32-bit)
 Heap Region Size: 1M
 Heap Min Capacity: 8M
 Heap Initial Capacity: 128M
 Heap Max Capacity: 2026M
 Pre-touch: Disabled
 Parallel Workers: 4
 Concurrent Workers: 1
 Concurrent Refinement Workers: 4
 Periodic GC: Disabled

Heap:
 garbage-first heap   total reserved 2074624K, committed 56320K, used 33361K [0x0000000081600000, 0x0000000100000000)
  region size 1024K, 5 young (5120K), 2 survivors (2048K)
 Metaspace       used 74736K, committed 75520K, reserved 1179648K
  class space    used 9689K, committed 10048K, reserved 1048576K

Heap Regions: E=young(eden), S=young(survivor), O=old, HS=humongous(starts), HC=humongous(continues), CS=collection set, F=free, TAMS=top-at-mark-start, PB=parsable bottom
|   0|0x0000000081600000, 0x0000000081700000, 0x0000000081700000|100%|HS|  |TAMS 0x0000000081600000| PB 0x0000000081600000| Complete |  0
|   1|0x0000000081700000, 0x0000000081800000, 0x0000000081800000|100%| O|  |TAMS 0x0000000081700000| PB 0x0000000081700000| Untracked |  0
|   2|0x0000000081800000, 0x0000000081900000, 0x0000000081900000|100%| O|  |TAMS 0x0000000081800000| PB 0x0000000081800000| Untracked |  0
|   3|0x0000000081900000, 0x00000000819fffe8, 0x0000000081a00000| 99%| O|  |TAMS 0x0000000081900000| PB 0x0000000081900000| Untracked |  0
|   4|0x0000000081a00000, 0x0000000081affff8, 0x0000000081b00000| 99%| O|  |TAMS 0x0000000081a00000| PB 0x0000000081a00000| Untracked |  0
|   5|0x0000000081b00000, 0x0000000081bffdb0, 0x0000000081c00000| 99%| O|  |TAMS 0x0000000081b00000| PB 0x0000000081b00000| Untracked |  0
|   6|0x0000000081c00000, 0x0000000081cfffc8, 0x0000000081d00000| 99%| O|  |TAMS 0x0000000081c00000| PB 0x0000000081c00000| Untracked |  0
|   7|0x0000000081d00000, 0x0000000081dffff8, 0x0000000081e00000| 99%| O|  |TAMS 0x0000000081d00000| PB 0x0000000081d00000| Untracked |  0
|   8|0x0000000081e00000, 0x0000000081effe60, 0x0000000081f00000| 99%| O|  |TAMS 0x0000000081e00000| PB 0x0000000081e00000| Untracked |  0
|   9|0x0000000081f00000, 0x0000000081ffffe8, 0x0000000082000000| 99%| O|  |TAMS 0x0000000081f00000| PB 0x0000000081f00000| Untracked |  0
|  10|0x0000000082000000, 0x00000000820ffff0, 0x0000000082100000| 99%| O|  |TAMS 0x0000000082000000| PB 0x0000000082000000| Untracked |  0
|  11|0x0000000082100000, 0x0000000082200000, 0x0000000082200000|100%| O|  |TAMS 0x0000000082100000| PB 0x0000000082100000| Untracked |  0
|  12|0x0000000082200000, 0x00000000822ffff0, 0x0000000082300000| 99%| O|  |TAMS 0x0000000082200000| PB 0x0000000082200000| Untracked |  0
|  13|0x0000000082300000, 0x00000000823fffa8, 0x0000000082400000| 99%| O|  |TAMS 0x0000000082300000| PB 0x0000000082300000| Untracked |  0
|  14|0x0000000082400000, 0x0000000082500000, 0x0000000082500000|100%| O|  |TAMS 0x0000000082400000| PB 0x0000000082400000| Untracked |  0
|  15|0x0000000082500000, 0x0000000082600000, 0x0000000082600000|100%| O|  |TAMS 0x0000000082500000| PB 0x0000000082500000| Untracked |  0
|  16|0x0000000082600000, 0x0000000082700000, 0x0000000082700000|100%| O|  |TAMS 0x0000000082600000| PB 0x0000000082600000| Untracked |  0
|  17|0x0000000082700000, 0x00000000827ffa30, 0x0000000082800000| 99%| O|  |TAMS 0x0000000082700000| PB 0x0000000082700000| Untracked |  0
|  18|0x0000000082800000, 0x00000000828fffe0, 0x0000000082900000| 99%| O|  |TAMS 0x0000000082800000| PB 0x0000000082800000| Untracked |  0
|  19|0x0000000082900000, 0x00000000829fffe8, 0x0000000082a00000| 99%| O|  |TAMS 0x0000000082900000| PB 0x0000000082900000| Untracked |  0
|  20|0x0000000082a00000, 0x0000000082abb538, 0x0000000082b00000| 73%| O|  |TAMS 0x0000000082a00000| PB 0x0000000082a00000| Untracked |  0
|  21|0x0000000082b00000, 0x0000000082c00000, 0x0000000082c00000|100%| O|  |TAMS 0x0000000082b00000| PB 0x0000000082b00000| Untracked |  0
|  22|0x0000000082c00000, 0x0000000082cfffe0, 0x0000000082d00000| 99%| O|  |TAMS 0x0000000082c00000| PB 0x0000000082c00000| Untracked |  0
|  23|0x0000000082d00000, 0x0000000082e00000, 0x0000000082e00000|100%| O|  |TAMS 0x0000000082d00000| PB 0x0000000082d00000| Untracked |  0
|  24|0x0000000082e00000, 0x0000000082f00000, 0x0000000082f00000|100%| O|  |TAMS 0x0000000082e00000| PB 0x0000000082e00000| Untracked |  0
|  25|0x0000000082f00000, 0x0000000082fffff8, 0x0000000083000000| 99%| O|  |TAMS 0x0000000082f00000| PB 0x0000000082f00000| Untracked |  0
|  26|0x0000000083000000, 0x0000000083100000, 0x0000000083100000|100%| O|  |TAMS 0x0000000083000000| PB 0x0000000083000000| Untracked |  0
|  27|0x0000000083100000, 0x0000000083157ce0, 0x0000000083200000| 34%| O|Cm|TAMS 0x0000000083100000| PB 0x0000000083100000| Complete |  0
|  28|0x0000000083200000, 0x00000000832d8120, 0x0000000083300000| 84%| O|  |TAMS 0x0000000083200000| PB 0x0000000083200000| Untracked |  0
|  29|0x0000000083300000, 0x0000000083400000, 0x0000000083400000|100%| O|  |TAMS 0x0000000083300000| PB 0x0000000083300000| Untracked |  0
|  30|0x0000000083400000, 0x0000000083400000, 0x0000000083500000|  0%| F|  |TAMS 0x0000000083400000| PB 0x0000000083400000| Untracked |  0
|  31|0x0000000083500000, 0x0000000083500000, 0x0000000083600000|  0%| F|  |TAMS 0x0000000083500000| PB 0x0000000083500000| Untracked |  0
|  32|0x0000000083600000, 0x0000000083600000, 0x0000000083700000|  0%| F|  |TAMS 0x0000000083600000| PB 0x0000000083600000| Untracked |  0
|  33|0x0000000083700000, 0x0000000083700000, 0x0000000083800000|  0%| F|  |TAMS 0x0000000083700000| PB 0x0000000083700000| Untracked |  0
|  34|0x0000000083800000, 0x0000000083800000, 0x0000000083900000|  0%| F|  |TAMS 0x0000000083800000| PB 0x0000000083800000| Untracked |  0
|  35|0x0000000083900000, 0x00000000839a9dc0, 0x0000000083a00000| 66%| S|CS|TAMS 0x0000000083900000| PB 0x0000000083900000| Complete |  0
|  36|0x0000000083a00000, 0x0000000083b00000, 0x0000000083b00000|100%| S|CS|TAMS 0x0000000083a00000| PB 0x0000000083a00000| Complete |  0
|  37|0x0000000083b00000, 0x0000000083b00000, 0x0000000083c00000|  0%| F|  |TAMS 0x0000000083b00000| PB 0x0000000083b00000| Untracked |  0
|  38|0x0000000083c00000, 0x0000000083c00000, 0x0000000083d00000|  0%| F|  |TAMS 0x0000000083c00000| PB 0x0000000083c00000| Untracked |  0
|  39|0x0000000083d00000, 0x0000000083d00000, 0x0000000083e00000|  0%| F|  |TAMS 0x0000000083d00000| PB 0x0000000083d00000| Untracked |  0
|  40|0x0000000083e00000, 0x0000000083e00000, 0x0000000083f00000|  0%| F|  |TAMS 0x0000000083e00000| PB 0x0000000083e00000| Untracked |  0
|  41|0x0000000083f00000, 0x0000000083f00000, 0x0000000084000000|  0%| F|  |TAMS 0x0000000083f00000| PB 0x0000000083f00000| Untracked |  0
|  42|0x0000000084000000, 0x0000000084000000, 0x0000000084100000|  0%| F|  |TAMS 0x0000000084000000| PB 0x0000000084000000| Untracked |  0
|  43|0x0000000084100000, 0x0000000084100000, 0x0000000084200000|  0%| F|  |TAMS 0x0000000084100000| PB 0x0000000084100000| Untracked |  0
|  44|0x0000000084200000, 0x0000000084200000, 0x0000000084300000|  0%| F|  |TAMS 0x0000000084200000| PB 0x0000000084200000| Untracked |  0
|  45|0x0000000084300000, 0x0000000084300000, 0x0000000084400000|  0%| F|  |TAMS 0x0000000084300000| PB 0x0000000084300000| Untracked |  0
|  46|0x0000000084400000, 0x0000000084400000, 0x0000000084500000|  0%| F|  |TAMS 0x0000000084400000| PB 0x0000000084400000| Untracked |  0
|  47|0x0000000084500000, 0x0000000084500000, 0x0000000084600000|  0%| F|  |TAMS 0x0000000084500000| PB 0x0000000084500000| Untracked |  0
| 107|0x0000000088100000, 0x0000000088100000, 0x0000000088200000|  0%| F|  |TAMS 0x0000000088100000| PB 0x0000000088100000| Untracked |  0
| 108|0x0000000088200000, 0x0000000088200000, 0x0000000088300000|  0%| F|  |TAMS 0x0000000088200000| PB 0x0000000088200000| Untracked |  0
| 109|0x0000000088300000, 0x0000000088300000, 0x0000000088400000|  0%| F|  |TAMS 0x0000000088300000| PB 0x0000000088300000| Untracked |  0
| 110|0x0000000088400000, 0x0000000088400000, 0x0000000088500000|  0%| F|  |TAMS 0x0000000088400000| PB 0x0000000088400000| Untracked |  0
| 111|0x0000000088500000, 0x00000000885a1608, 0x0000000088600000| 63%| E|  |TAMS 0x0000000088500000| PB 0x0000000088500000| Complete |  0
| 112|0x0000000088600000, 0x0000000088700000, 0x0000000088700000|100%| E|CS|TAMS 0x0000000088600000| PB 0x0000000088600000| Complete |  0
| 127|0x0000000089500000, 0x0000000089600000, 0x0000000089600000|100%| E|CS|TAMS 0x0000000089500000| PB 0x0000000089500000| Complete |  0

Card table byte_map: [0x000001e227880000,0x000001e227c80000] _byte_map_base: 0x000001e227475000

Marking Bits: (CMBitMap*) 0x000001e21018d920
 Bits: [0x000001e227c80000, 0x000001e229c28000)

Polling page: 0x000001e20df70000

Metaspace:

Usage:
  Non-class:     63.52 MB used.
      Class:      9.46 MB used.
       Both:     72.98 MB used.

Virtual space:
  Non-class space:      128.00 MB reserved,      63.94 MB ( 50%) committed,  2 nodes.
      Class space:        1.00 GB reserved,       9.81 MB ( <1%) committed,  1 nodes.
             Both:        1.12 GB reserved,      73.75 MB (  6%) committed. 

Chunk freelists:
   Non-Class:  15.36 MB
       Class:  6.24 MB
        Both:  21.60 MB

MaxMetaspaceSize: unlimited
CompressedClassSpaceSize: 1.00 GB
Initial GC threshold: 21.00 MB
Current GC threshold: 122.94 MB
CDS: on
 - commit_granule_bytes: 65536.
 - commit_granule_words: 8192.
 - virtual_space_node_default_size: 8388608.
 - enlarge_chunks_in_place: 1.
 - use_allocation_guard: 0.


Internal statistics:

num_allocs_failed_limit: 9.
num_arena_births: 1588.
num_arena_deaths: 666.
num_vsnodes_births: 3.
num_vsnodes_deaths: 0.
num_space_committed: 1180.
num_space_uncommitted: 0.
num_chunks_returned_to_freelist: 764.
num_chunks_taken_from_freelist: 4616.
num_chunk_merges: 153.
num_chunk_splits: 2801.
num_chunks_enlarged: 2027.
num_inconsistent_stats: 0.

CodeHeap 'non-profiled nmethods': size=120000Kb used=6015Kb max_used=6672Kb free=113984Kb
 bounds [0x000001e21ff50000, 0x000001e2205f0000, 0x000001e227480000]
CodeHeap 'profiled nmethods': size=120000Kb used=11501Kb max_used=13159Kb free=108499Kb
 bounds [0x000001e218480000, 0x000001e219160000, 0x000001e21f9b0000]
CodeHeap 'non-nmethods': size=5760Kb used=1813Kb max_used=1916Kb free=3946Kb
 bounds [0x000001e21f9b0000, 0x000001e21fc20000, 0x000001e21ff50000]
 total_blobs=7481 nmethods=6719 adapters=665
 compilation: enabled
              stopped_count=0, restarted_count=0
 full_count=0

Compilation events (20 events):
Event: 23072.481 Thread 0x000001e22c107930 19597       4       org.springframework.core.BridgeMethodResolver::findBridgedMethod (9 bytes)
Event: 23072.482 Thread 0x000001e22c107930 nmethod 19597 0x000001e21ff74310 code [0x000001e21ff744a0, 0x000001e21ff74550]
Event: 23072.482 Thread 0x000001e22c107930 19636       4       java.lang.String$CaseInsensitiveComparator::compare (13 bytes)
Event: 23072.498 Thread 0x000001e22c107930 nmethod 19636 0x000001e22000d690 code [0x000001e22000d840, 0x000001e22000df60]
Event: 23072.498 Thread 0x000001e22c107930 19669       4       java.lang.Character::isLetterOrDigit (5 bytes)
Event: 23072.500 Thread 0x000001e22c107930 nmethod 19669 0x000001e220052790 code [0x000001e220052940, 0x000001e220052ad0]
Event: 23072.500 Thread 0x000001e22c107930 19681       4       java.lang.Class::getAnnotation (22 bytes)
Event: 23072.510 Thread 0x000001e22c107930 nmethod 19681 0x000001e21ff67610 code [0x000001e21ff677e0, 0x000001e21ff67d80]
Event: 23072.510 Thread 0x000001e22c107930 19378       4       org.springframework.boot.context.properties.source.ConfigurationPropertyName::isEmpty (16 bytes)
Event: 23072.511 Thread 0x000001e22c107930 nmethod 19378 0x000001e21ffa1290 code [0x000001e21ffa1400, 0x000001e21ffa14b0]
Event: 23072.512 Thread 0x000001e22c107930 19443  s    4       java.util.jar.JarFile::getInputStream (88 bytes)
Event: 23072.535 Thread 0x000001e22c107930 nmethod 19443 0x000001e2204bfc10 code [0x000001e2204bfe80, 0x000001e2204c1488]
Event: 23072.535 Thread 0x000001e22c107930 19366       4       java.util.stream.Nodes::flatten (70 bytes)
Event: 23072.536 Thread 0x000001e22c107930 nmethod 19366 0x000001e21ffc5f10 code [0x000001e21ffc60a0, 0x000001e21ffc6158]
Event: 23072.536 Thread 0x000001e22c107930 19365       4       java.util.stream.AbstractPipeline::evaluate (44 bytes)
Event: 23072.548 Thread 0x000001e22c107930 nmethod 19365 0x000001e2200dac90 code [0x000001e2200daea0, 0x000001e2200db570]
Event: 23072.548 Thread 0x000001e22c107930 19811       4       net.bytebuddy.description.ByteCodeElement$Token$TokenList::size (10 bytes)
Event: 23072.549 Thread 0x000001e22c107930 nmethod 19811 0x000001e2201da510 code [0x000001e2201da6c0, 0x000001e2201da848]
Event: 23072.549 Thread 0x000001e22c107930 19823       4       net.bytebuddy.dynamic.scaffold.MethodRegistry$Default$Entry::resolve (11 bytes)
Event: 23072.549 Thread 0x000001e22c107930 nmethod 19823 0x000001e21ffd2c90 code [0x000001e21ffd2e20, 0x000001e21ffd2ed8]

GC Heap History (20 events):
Event: 22328.380 GC heap before
{Heap before GC invocations=85 (full 2):
 garbage-first heap   total reserved 2074624K, committed 56320K, used 33840K [0x0000000081600000, 0x0000000100000000)
  region size 1024K, 9 young (9216K), 1 survivors (1024K)
 Metaspace       used 73412K, committed 74176K, reserved 1114112K
  class space    used 9553K, committed 9920K, reserved 1048576K
}
Event: 22328.818 GC heap after
{Heap after GC invocations=86 (full 3):
 garbage-first heap   total reserved 2074624K, committed 56320K, used 22259K [0x0000000081600000, 0x0000000100000000)
  region size 1024K, 0 young (0K), 0 survivors (0K)
 Metaspace       used 73403K, committed 74176K, reserved 1114112K
  class space    used 9551K, committed 9920K, reserved 1048576K
}
Event: 22333.349 GC heap before
{Heap before GC invocations=86 (full 3):
 garbage-first heap   total reserved 2074624K, committed 56320K, used 49907K [0x0000000081600000, 0x0000000100000000)
  region size 1024K, 28 young (28672K), 0 survivors (0K)
 Metaspace       used 73560K, committed 74240K, reserved 1114112K
  class space    used 9576K, committed 9920K, reserved 1048576K
}
Event: 22333.363 GC heap after
{Heap after GC invocations=87 (full 3):
 garbage-first heap   total reserved 2074624K, committed 56320K, used 25797K [0x0000000081600000, 0x0000000100000000)
  region size 1024K, 4 young (4096K), 4 survivors (4096K)
 Metaspace       used 73560K, committed 74240K, reserved 1114112K
  class space    used 9576K, committed 9920K, reserved 1048576K
}
Event: 22335.026 GC heap before
{Heap before GC invocations=88 (full 3):
 garbage-first heap   total reserved 2074624K, committed 56320K, used 45253K [0x0000000081600000, 0x0000000100000000)
  region size 1024K, 24 young (24576K), 4 survivors (4096K)
 Metaspace       used 73710K, committed 74368K, reserved 1114112K
  class space    used 9598K, committed 9920K, reserved 1048576K
}
Event: 22335.034 GC heap after
{Heap after GC invocations=89 (full 3):
 garbage-first heap   total reserved 2074624K, committed 56320K, used 27766K [0x0000000081600000, 0x0000000100000000)
  region size 1024K, 2 young (2048K), 2 survivors (2048K)
 Metaspace       used 73710K, committed 74368K, reserved 1114112K
  class space    used 9598K, committed 9920K, reserved 1048576K
}
Event: 22337.328 GC heap before
{Heap before GC invocations=89 (full 3):
 garbage-first heap   total reserved 2074624K, committed 56320K, used 48246K [0x0000000081600000, 0x0000000100000000)
  region size 1024K, 22 young (22528K), 2 survivors (2048K)
 Metaspace       used 74007K, committed 74816K, reserved 1179648K
  class space    used 9621K, committed 9984K, reserved 1048576K
}
Event: 22337.341 GC heap after
{Heap after GC invocations=90 (full 3):
 garbage-first heap   total reserved 2074624K, committed 56320K, used 30974K [0x0000000081600000, 0x0000000100000000)
  region size 1024K, 3 young (3072K), 3 survivors (3072K)
 Metaspace       used 74007K, committed 74816K, reserved 1179648K
  class space    used 9621K, committed 9984K, reserved 1048576K
}
Event: 22583.209 GC heap before
{Heap before GC invocations=90 (full 3):
 garbage-first heap   total reserved 2074624K, committed 56320K, used 47358K [0x0000000081600000, 0x0000000100000000)
  region size 1024K, 20 young (20480K), 3 survivors (3072K)
 Metaspace       used 74124K, committed 74880K, reserved 1179648K
  class space    used 9632K, committed 9984K, reserved 1048576K
}
Event: 22583.221 GC heap after
{Heap after GC invocations=91 (full 3):
 garbage-first heap   total reserved 2074624K, committed 56320K, used 32848K [0x0000000081600000, 0x0000000100000000)
  region size 1024K, 2 young (2048K), 2 survivors (2048K)
 Metaspace       used 74124K, committed 74880K, reserved 1179648K
  class space    used 9632K, committed 9984K, reserved 1048576K
}
Event: 23061.467 GC heap before
{Heap before GC invocations=92 (full 3):
 garbage-first heap   total reserved 2074624K, committed 56320K, used 47184K [0x0000000081600000, 0x0000000100000000)
  region size 1024K, 17 young (17408K), 2 survivors (2048K)
 Metaspace       used 74072K, committed 74880K, reserved 1179648K
  class space    used 9619K, committed 9984K, reserved 1048576K
}
Event: 23061.580 GC heap after
{Heap after GC invocations=93 (full 4):
 garbage-first heap   total reserved 2074624K, committed 56320K, used 26063K [0x0000000081600000, 0x0000000100000000)
  region size 1024K, 0 young (0K), 0 survivors (0K)
 Metaspace       used 74072K, committed 74880K, reserved 1179648K
  class space    used 9619K, committed 9984K, reserved 1048576K
}
Event: 23067.701 GC heap before
{Heap before GC invocations=93 (full 4):
 garbage-first heap   total reserved 2074624K, committed 56320K, used 48591K [0x0000000081600000, 0x0000000100000000)
  region size 1024K, 22 young (22528K), 0 survivors (0K)
 Metaspace       used 74165K, committed 74944K, reserved 1179648K
  class space    used 9623K, committed 9984K, reserved 1048576K
}
Event: 23067.710 GC heap after
{Heap after GC invocations=94 (full 4):
 garbage-first heap   total reserved 2074624K, committed 56320K, used 28476K [0x0000000081600000, 0x0000000100000000)
  region size 1024K, 3 young (3072K), 3 survivors (3072K)
 Metaspace       used 74165K, committed 74944K, reserved 1179648K
  class space    used 9623K, committed 9984K, reserved 1048576K
}
Event: 23070.000 GC heap before
{Heap before GC invocations=95 (full 4):
 garbage-first heap   total reserved 2074624K, committed 56320K, used 45884K [0x0000000081600000, 0x0000000100000000)
  region size 1024K, 21 young (21504K), 3 survivors (3072K)
 Metaspace       used 74468K, committed 75200K, reserved 1179648K
  class space    used 9673K, committed 9984K, reserved 1048576K
}
Event: 23070.004 GC heap after
{Heap after GC invocations=96 (full 4):
 garbage-first heap   total reserved 2074624K, committed 56320K, used 28571K [0x0000000081600000, 0x0000000100000000)
  region size 1024K, 2 young (2048K), 2 survivors (2048K)
 Metaspace       used 74468K, committed 75200K, reserved 1179648K
  class space    used 9673K, committed 9984K, reserved 1048576K
}
Event: 23070.447 GC heap before
{Heap before GC invocations=96 (full 4):
 garbage-first heap   total reserved 2074624K, committed 56320K, used 48027K [0x0000000081600000, 0x0000000100000000)
  region size 1024K, 21 young (21504K), 2 survivors (2048K)
 Metaspace       used 74546K, committed 75328K, reserved 1179648K
  class space    used 9681K, committed 10048K, reserved 1048576K
}
Event: 23070.458 GC heap after
{Heap after GC invocations=97 (full 4):
 garbage-first heap   total reserved 2074624K, committed 56320K, used 29600K [0x0000000081600000, 0x0000000100000000)
  region size 1024K, 2 young (2048K), 2 survivors (2048K)
 Metaspace       used 74546K, committed 75328K, reserved 1179648K
  class space    used 9681K, committed 10048K, reserved 1048576K
}
Event: 23071.150 GC heap before
{Heap before GC invocations=97 (full 4):
 garbage-first heap   total reserved 2074624K, committed 56320K, used 47008K [0x0000000081600000, 0x0000000100000000)
  region size 1024K, 20 young (20480K), 2 survivors (2048K)
 Metaspace       used 74737K, committed 75520K, reserved 1179648K
  class space    used 9689K, committed 10048K, reserved 1048576K
}
Event: 23071.158 GC heap after
{Heap after GC invocations=98 (full 4):
 garbage-first heap   total reserved 2074624K, committed 56320K, used 31313K [0x0000000081600000, 0x0000000100000000)
  region size 1024K, 2 young (2048K), 2 survivors (2048K)
 Metaspace       used 74737K, committed 75520K, reserved 1179648K
  class space    used 9689K, committed 10048K, reserved 1048576K
}

Dll operation events (14 events):
Event: 0.043 Loaded shared library C:\Program Files\Java\jdk-22\bin\java.dll
Event: 0.169 Loaded shared library C:\Program Files\Java\jdk-22\bin\jsvml.dll
Event: 1.872 Loaded shared library C:\Program Files\Java\jdk-22\bin\zip.dll
Event: 1.880 Loaded shared library C:\Program Files\Java\jdk-22\bin\instrument.dll
Event: 1.893 Loaded shared library C:\Program Files\Java\jdk-22\bin\net.dll
Event: 1.896 Loaded shared library C:\Program Files\Java\jdk-22\bin\nio.dll
Event: 1.904 Loaded shared library C:\Program Files\Java\jdk-22\bin\zip.dll
Event: 2.271 Loaded shared library C:\Program Files\Java\jdk-22\bin\jimage.dll
Event: 3.103 Loaded shared library C:\Program Files\Java\jdk-22\bin\management.dll
Event: 3.110 Loaded shared library C:\Program Files\Java\jdk-22\bin\management_ext.dll
Event: 3.974 Loaded shared library C:\Program Files\Java\jdk-22\bin\le.dll
Event: 5.202 Loaded shared library C:\Program Files\Java\jdk-22\bin\sunmscapi.dll
Event: 10.513 Loaded shared library C:\Program Files\Java\jdk-22\bin\extnet.dll
Event: 13.592 Loaded shared library C:\Program Files\Java\jdk-22\bin\verify.dll

Deoptimization events (20 events):
Event: 23070.897 Thread 0x000001e274022440 DEOPT PACKING pc=0x000001e2186a2d09 sp=0x0000000c16ffce10
Event: 23070.897 Thread 0x000001e274022440 DEOPT UNPACKING pc=0x000001e21fa04e42 sp=0x0000000c16ffc2e8 mode 1
Event: 23070.897 Thread 0x000001e274022440 DEOPT PACKING pc=0x000001e218826904 sp=0x0000000c16ffcea0
Event: 23070.897 Thread 0x000001e274022440 DEOPT UNPACKING pc=0x000001e21fa04e42 sp=0x0000000c16ffc450 mode 1
Event: 23070.897 Thread 0x000001e274022440 DEOPT PACKING pc=0x000001e2187a0c9c sp=0x0000000c16ffd010
Event: 23070.897 Thread 0x000001e274022440 DEOPT UNPACKING pc=0x000001e21fa04e42 sp=0x0000000c16ffc5b0 mode 1
Event: 23071.352 Thread 0x000001e27401f650 Uncommon trap: trap_request=0xffffffde fr.pc=0x000001e2203dfcb0 relative=0x0000000000000f10
Event: 23071.352 Thread 0x000001e27401f650 Uncommon trap: reason=class_check action=maybe_recompile pc=0x000001e2203dfcb0 method=org.springframework.boot.devtools.filewatch.FileSystemWatcher$Watcher.getCurrentSnapshots()Ljava/util/Map; @ 12 c2
Event: 23071.352 Thread 0x000001e27401f650 DEOPT PACKING pc=0x000001e2203dfcb0 sp=0x0000000c16efeeb0
Event: 23071.352 Thread 0x000001e27401f650 DEOPT UNPACKING pc=0x000001e21fa046a2 sp=0x0000000c16efeed0 mode 2
Event: 23072.383 Thread 0x000001e27401f650 Uncommon trap: trap_request=0xffffffde fr.pc=0x000001e2203dfcb0 relative=0x0000000000000f10
Event: 23072.383 Thread 0x000001e27401f650 Uncommon trap: reason=class_check action=maybe_recompile pc=0x000001e2203dfcb0 method=org.springframework.boot.devtools.filewatch.FileSystemWatcher$Watcher.getCurrentSnapshots()Ljava/util/Map; @ 12 c2
Event: 23072.383 Thread 0x000001e27401f650 DEOPT PACKING pc=0x000001e2203dfcb0 sp=0x0000000c16efeeb0
Event: 23072.383 Thread 0x000001e27401f650 DEOPT UNPACKING pc=0x000001e21fa046a2 sp=0x0000000c16efeed0 mode 2
Event: 23073.404 Thread 0x000001e27401f650 Uncommon trap: trap_request=0xffffffde fr.pc=0x000001e2203dfcb0 relative=0x0000000000000f10
Event: 23073.404 Thread 0x000001e27401f650 Uncommon trap: reason=class_check action=maybe_recompile pc=0x000001e2203dfcb0 method=org.springframework.boot.devtools.filewatch.FileSystemWatcher$Watcher.getCurrentSnapshots()Ljava/util/Map; @ 12 c2
Event: 23073.404 Thread 0x000001e27401f650 DEOPT PACKING pc=0x000001e2203dfcb0 sp=0x0000000c16efeeb0
Event: 23073.404 Thread 0x000001e27401f650 DEOPT UNPACKING pc=0x000001e21fa046a2 sp=0x0000000c16efeed0 mode 2
Event: 23114.376 Thread 0x000001e274022440 DEOPT PACKING pc=0x000001e21899ec5c sp=0x0000000c16ffd160
Event: 23114.376 Thread 0x000001e274022440 DEOPT UNPACKING pc=0x000001e21fa04e42 sp=0x0000000c16ffc618 mode 0

Classes loaded (20 events):
Event: 10258.009 Loading class jdk/internal/loader/BootLoader$PackageHelper
Event: 10258.009 Loading class jdk/internal/loader/BootLoader$PackageHelper done
Event: 10258.040 Loading class java/util/stream/ReferencePipeline$4
Event: 10258.041 Loading class java/util/stream/ReferencePipeline$4 done
Event: 10258.041 Loading class java/util/function/IntBinaryOperator
Event: 10258.041 Loading class java/util/function/IntBinaryOperator done
Event: 10258.042 Loading class java/util/stream/ReduceOps$7
Event: 10258.042 Loading class java/util/stream/ReduceOps$7 done
Event: 10258.042 Loading class java/util/stream/ReduceOps$6ReducingSink
Event: 10258.042 Loading class java/util/stream/ReduceOps$6ReducingSink done
Event: 10258.042 Loading class java/util/stream/ReferencePipeline$4$1
Event: 10258.043 Loading class java/util/stream/ReferencePipeline$4$1 done
Event: 10258.059 Loading class java/lang/Throwable$WrappedPrintWriter
Event: 10258.059 Loading class java/lang/Throwable$WrappedPrintWriter done
Event: 10258.148 Loading class java/util/stream/LongStream
Event: 10258.149 Loading class java/util/stream/LongStream done
Event: 10258.149 Loading class java/util/stream/DoubleStream
Event: 10258.149 Loading class java/util/stream/DoubleStream done
Event: 22335.860 Loading class java/time/DurationEditor
Event: 22335.862 Loading class java/time/DurationEditor done

Classes unloaded (20 events):
Event: 22583.278 Thread 0x000001e22c0e5580 Unloading class 0x000001e22e347000 'java/lang/invoke/LambdaForm$MH+0x000001e22e347000'
Event: 22583.278 Thread 0x000001e22c0e5580 Unloading class 0x000001e22e358800 'java/lang/invoke/LambdaForm$MH+0x000001e22e358800'
Event: 22583.278 Thread 0x000001e22c0e5580 Unloading class 0x000001e22e421000 'java/lang/invoke/LambdaForm$MH+0x000001e22e421000'
Event: 22583.278 Thread 0x000001e22c0e5580 Unloading class 0x000001e22e500800 'java/lang/invoke/LambdaForm$MH+0x000001e22e500800'
Event: 22583.278 Thread 0x000001e22c0e5580 Unloading class 0x000001e22e502000 'java/lang/invoke/LambdaForm$MH+0x000001e22e502000'
Event: 22583.278 Thread 0x000001e22c0e5580 Unloading class 0x000001e22e734000 'java/lang/invoke/LambdaForm$MH+0x000001e22e734000'
Event: 22583.278 Thread 0x000001e22c0e5580 Unloading class 0x000001e22e741400 'java/lang/invoke/LambdaForm$MH+0x000001e22e741400'
Event: 22583.278 Thread 0x000001e22c0e5580 Unloading class 0x000001e22e003400 'java/lang/invoke/LambdaForm$MH+0x000001e22e003400'
Event: 22583.278 Thread 0x000001e22c0e5580 Unloading class 0x000001e22e01c800 'java/lang/invoke/LambdaForm$MH+0x000001e22e01c800'
Event: 22583.278 Thread 0x000001e22c0e5580 Unloading class 0x000001e22e09c000 'java/lang/invoke/LambdaForm$MH+0x000001e22e09c000'
Event: 22583.278 Thread 0x000001e22c0e5580 Unloading class 0x000001e22e0a8c00 'java/lang/invoke/LambdaForm$MH+0x000001e22e0a8c00'
Event: 22583.278 Thread 0x000001e22c0e5580 Unloading class 0x000001e22e131800 'java/lang/invoke/LambdaForm$MH+0x000001e22e131800'
Event: 22583.278 Thread 0x000001e22c0e5580 Unloading class 0x000001e22e149800 'java/lang/invoke/LambdaForm$MH+0x000001e22e149800'
Event: 22583.278 Thread 0x000001e22c0e5580 Unloading class 0x000001e22e230000 'java/lang/invoke/LambdaForm$MH+0x000001e22e230000'
Event: 22583.278 Thread 0x000001e22c0e5580 Unloading class 0x000001e22e319000 'java/lang/invoke/LambdaForm$MH+0x000001e22e319000'
Event: 22583.278 Thread 0x000001e22c0e5580 Unloading class 0x000001e22e31a800 'java/lang/invoke/LambdaForm$MH+0x000001e22e31a800'
Event: 22583.278 Thread 0x000001e22c0e5580 Unloading class 0x000001e22e344000 'java/lang/invoke/LambdaForm$MH+0x000001e22e344000'
Event: 22583.278 Thread 0x000001e22c0e5580 Unloading class 0x000001e22e34a400 'java/lang/invoke/LambdaForm$MH+0x000001e22e34a400'
Event: 22583.278 Thread 0x000001e22c0e5580 Unloading class 0x000001e22e0b6000 'java/lang/invoke/LambdaForm$MH+0x000001e22e0b6000'
Event: 23071.271 Thread 0x000001e22c0e5580 Unloading class 0x000001e22e31a800 'org/apache/catalina/loader/JdbcLeakPrevention'

Classes redefined (0 events):
No events

Internal exceptions (20 events):
Event: 23067.603 Thread 0x000001e274023160 Exception <a 'java/lang/NoClassDefFoundError'{0x00000000838b7d40}: org/flywaydb/core/Flyway> (0x00000000838b7d40) 
thrown [s\open\src\hotspot\share\oops\constantPool.cpp, line 872]
Event: 23067.607 Thread 0x000001e274023160 Exception <a 'java/lang/NoClassDefFoundError'{0x00000000838b83a0}: liquibase/integration/spring/SpringLiquibase> (0x00000000838b83a0) 
thrown [s\open\src\hotspot\share\oops\constantPool.cpp, line 872]
Event: 23067.628 Thread 0x000001e274023160 Exception <a 'java/lang/NoClassDefFoundError'{0x0000000083700b70}: org/jooq/DSLContext> (0x0000000083700b70) 
thrown [s\open\src\hotspot\share\oops\constantPool.cpp, line 872]
Event: 23067.641 Thread 0x000001e274023160 Exception <a 'java/lang/NoClassDefFoundError'{0x0000000083708300}: org/springframework/batch/core/repository/JobRepository> (0x0000000083708300) 
thrown [s\open\src\hotspot\share\oops\constantPool.cpp, line 872]
Event: 23067.643 Thread 0x000001e274023160 Exception <a 'java/lang/NoClassDefFoundError'{0x0000000083708958}: org/quartz/Scheduler> (0x0000000083708958) 
thrown [s\open\src\hotspot\share\oops\constantPool.cpp, line 872]
Event: 23067.645 Thread 0x000001e274023160 Exception <a 'java/lang/NoClassDefFoundError'{0x0000000083708fd8}: org/springframework/session/jdbc/JdbcIndexedSessionRepository> (0x0000000083708fd8) 
thrown [s\open\src\hotspot\share\oops\constantPool.cpp, line 872]
Event: 23067.978 Thread 0x000001e274023160 Exception <a 'java/io/FileNotFoundException'{0x0000000088204180}> (0x0000000088204180) 
thrown [s\open\src\hotspot\share\prims\jni.cpp, line 520]
Event: 23068.047 Thread 0x000001e274023160 Exception <a 'java/io/FileNotFoundException'{0x000000008819d6d0}> (0x000000008819d6d0) 
thrown [s\open\src\hotspot\share\prims\jni.cpp, line 520]
Event: 23068.106 Thread 0x000001e274022440 Exception <a 'java/lang/InterruptedException'{0x000000008459d638}: sleep interrupted> (0x000000008459d638) 
thrown [s\open\src\hotspot\share\prims\jvm.cpp, line 3093]
Event: 23068.214 Thread 0x000001e274023160 Exception <a 'java/lang/NoClassDefFoundError'{0x0000000084445710}: jakarta/validation/ValidationException> (0x0000000084445710) 
thrown [s\open\src\hotspot\share\classfile\systemDictionary.cpp, line 302]
Event: 23068.219 Thread 0x000001e274023160 Exception <a 'java/lang/NoClassDefFoundError'{0x000000008444c4e0}: liquibase/exception/ChangeLogParseException> (0x000000008444c4e0) 
thrown [s\open\src\hotspot\share\classfile\systemDictionary.cpp, line 302]
Event: 23069.715 Thread 0x000001e274022440 Exception <a 'sun/nio/fs/WindowsException'{0x0000000084366250}> (0x0000000084366250) 
thrown [s\open\src\hotspot\share\prims\jni.cpp, line 520]
Event: 23070.308 Thread 0x000001e274022440 Exception <a 'java/lang/NoClassDefFoundError'{0x000000008403bd70}: org/flywaydb/core/Flyway> (0x000000008403bd70) 
thrown [s\open\src\hotspot\share\oops\constantPool.cpp, line 872]
Event: 23070.312 Thread 0x000001e274022440 Exception <a 'java/lang/NoClassDefFoundError'{0x000000008403c3d0}: liquibase/integration/spring/SpringLiquibase> (0x000000008403c3d0) 
thrown [s\open\src\hotspot\share\oops\constantPool.cpp, line 872]
Event: 23070.321 Thread 0x000001e274022440 Exception <a 'java/lang/NoClassDefFoundError'{0x000000008408dd90}: org/jooq/DSLContext> (0x000000008408dd90) 
thrown [s\open\src\hotspot\share\oops\constantPool.cpp, line 872]
Event: 23070.324 Thread 0x000001e274022440 Exception <a 'java/lang/NoClassDefFoundError'{0x00000000840956d8}: org/springframework/batch/core/repository/JobRepository> (0x00000000840956d8) 
thrown [s\open\src\hotspot\share\oops\constantPool.cpp, line 872]
Event: 23070.326 Thread 0x000001e274022440 Exception <a 'java/lang/NoClassDefFoundError'{0x0000000084095d30}: org/quartz/Scheduler> (0x0000000084095d30) 
thrown [s\open\src\hotspot\share\oops\constantPool.cpp, line 872]
Event: 23070.327 Thread 0x000001e274022440 Exception <a 'java/lang/NoClassDefFoundError'{0x00000000840963b0}: org/springframework/session/jdbc/JdbcIndexedSessionRepository> (0x00000000840963b0) 
thrown [s\open\src\hotspot\share\oops\constantPool.cpp, line 872]
Event: 23070.439 Thread 0x000001e274022440 Exception <a 'java/io/FileNotFoundException'{0x00000000838a1880}> (0x00000000838a1880) 
thrown [s\open\src\hotspot\share\prims\jni.cpp, line 520]
Event: 23070.499 Thread 0x000001e274022440 Exception <a 'java/io/FileNotFoundException'{0x000000008863d1d8}> (0x000000008863d1d8) 
thrown [s\open\src\hotspot\share\prims\jni.cpp, line 520]

ZGC Phase Switch (0 events):
No events

VM Operations (20 events):
Event: 23114.371 Executing VM operation: ChangeSingleStep
Event: 23114.372 Executing VM operation: ChangeSingleStep done
Event: 23114.376 Executing VM operation: ChangeSingleStep
Event: 23114.376 Executing VM operation: ChangeSingleStep done
Event: 23115.117 Executing VM operation: get/set locals
Event: 23115.117 Executing VM operation: get/set locals done
Event: 23115.118 Executing VM operation: get/set locals
Event: 23115.118 Executing VM operation: get/set locals done
Event: 23115.119 Executing VM operation: get/set locals
Event: 23115.120 Executing VM operation: get/set locals done
Event: 23115.120 Executing VM operation: get/set locals
Event: 23115.121 Executing VM operation: get/set locals done
Event: 23115.122 Executing VM operation: get/set locals
Event: 23115.122 Executing VM operation: get/set locals done
Event: 23115.123 Executing VM operation: get/set locals
Event: 23115.123 Executing VM operation: get/set locals done
Event: 23115.126 Executing VM operation: get/set locals
Event: 23115.126 Executing VM operation: get/set locals done
Event: 23115.128 Executing VM operation: get/set locals
Event: 23115.128 Executing VM operation: get/set locals done

Events (20 events):
Event: 23071.297 Thread 0x000001e22c0e5580 flushing nmethod 0x000001e218dadf10
Event: 23071.297 Thread 0x000001e22c0e5580 flushing nmethod 0x000001e218dbe890
Event: 23071.297 Thread 0x000001e22c0e5580 flushing nmethod 0x000001e218dbec10
Event: 23071.297 Thread 0x000001e22c0e5580 flushing nmethod 0x000001e218dc0590
Event: 23071.297 Thread 0x000001e22c0e5580 flushing nmethod 0x000001e218dd8b90
Event: 23071.297 Thread 0x000001e22c0e5580 flushing nmethod 0x000001e218dda490
Event: 23071.297 Thread 0x000001e22c0e5580 flushing nmethod 0x000001e218dda890
Event: 23071.297 Thread 0x000001e22c0e5580 flushing nmethod 0x000001e218ddc590
Event: 23071.297 Thread 0x000001e22c0e5580 flushing nmethod 0x000001e218e16b10
Event: 23071.297 Thread 0x000001e22c0e5580 flushing nmethod 0x000001e218f93010
Event: 23071.297 Thread 0x000001e22c0e5580 flushing nmethod 0x000001e218f94f10
Event: 23071.297 Thread 0x000001e22c0e5580 flushing nmethod 0x000001e218f98f10
Event: 23071.297 Thread 0x000001e22c0e5580 flushing nmethod 0x000001e218fa0510
Event: 23071.297 Thread 0x000001e22c0e5580 flushing nmethod 0x000001e218feb910
Event: 23071.297 Thread 0x000001e22c0e5580 flushing nmethod 0x000001e218ff8010
Event: 23071.297 Thread 0x000001e22c0e5580 flushing nmethod 0x000001e219006990
Event: 23071.297 Thread 0x000001e22c0e5580 flushing nmethod 0x000001e219006d90
Event: 23071.297 Thread 0x000001e22c0e5580 flushing nmethod 0x000001e219009110
Event: 23071.297 Thread 0x000001e22c0e5580 flushing nmethod 0x000001e219009510
Event: 23076.265 Thread 0x000001e27401efc0 Thread exited: 0x000001e27401efc0


Dynamic libraries:
0x00007ff75c2e0000 - 0x00007ff75c2f0000 	C:\Program Files\Java\jdk-22\bin\javaw.exe
0x00007ffd37030000 - 0x00007ffd37228000 	C:\Windows\SYSTEM32\ntdll.dll
0x00007ffd35320000 - 0x00007ffd353dd000 	C:\Windows\System32\KERNEL32.DLL
0x00007ffd34a70000 - 0x00007ffd34d66000 	C:\Windows\System32\KERNELBASE.dll
0x00007ffd34770000 - 0x00007ffd34870000 	C:\Windows\System32\ucrtbase.dll
0x00007ffd21ca0000 - 0x00007ffd21cb7000 	C:\Program Files\Java\jdk-22\bin\jli.dll
0x00007ffd35610000 - 0x00007ffd356c0000 	C:\Windows\System32\ADVAPI32.dll
0x00007ffd35570000 - 0x00007ffd3560e000 	C:\Windows\System32\msvcrt.dll
0x00007ffd351b0000 - 0x00007ffd35250000 	C:\Windows\System32\sechost.dll
0x00007ffd36560000 - 0x00007ffd36683000 	C:\Windows\System32\RPCRT4.dll
0x00007ffd346f0000 - 0x00007ffd34717000 	C:\Windows\System32\bcrypt.dll
0x00007ffd36b80000 - 0x00007ffd36d1f000 	C:\Windows\System32\USER32.dll
0x00007ffd34920000 - 0x00007ffd34942000 	C:\Windows\System32\win32u.dll
0x00007ffd36fc0000 - 0x00007ffd36feb000 	C:\Windows\System32\GDI32.dll
0x00007ffd34950000 - 0x00007ffd34a67000 	C:\Windows\System32\gdi32full.dll
0x00007ffd34e00000 - 0x00007ffd34e9d000 	C:\Windows\System32\msvcp_win.dll
0x00007ffd188e0000 - 0x00007ffd188fb000 	C:\Program Files\Java\jdk-22\bin\VCRUNTIME140.dll
0x00007ffd149a0000 - 0x00007ffd14c3a000 	C:\Windows\WinSxS\amd64_microsoft.windows.common-controls_6595b64144ccf1df_6.0.19041.4355_none_60b8b9eb71f62e16\COMCTL32.dll
0x00007ffd2d370000 - 0x00007ffd2d37a000 	C:\Windows\SYSTEM32\VERSION.dll
0x00007ffd353e0000 - 0x00007ffd3540f000 	C:\Windows\System32\IMM32.DLL
0x00007ffd2c800000 - 0x00007ffd2c80c000 	C:\Program Files\Java\jdk-22\bin\vcruntime140_1.dll
0x00007ffd005f0000 - 0x00007ffd0067e000 	C:\Program Files\Java\jdk-22\bin\msvcp140.dll
0x00007ffcebff0000 - 0x00007ffcecd37000 	C:\Program Files\Java\jdk-22\bin\server\jvm.dll
0x00007ffd36490000 - 0x00007ffd364fb000 	C:\Windows\System32\WS2_32.dll
0x00007ffd34490000 - 0x00007ffd344db000 	C:\Windows\SYSTEM32\POWRPROF.dll
0x00007ffd14770000 - 0x00007ffd14797000 	C:\Windows\SYSTEM32\WINMM.dll
0x00007ffd34470000 - 0x00007ffd34482000 	C:\Windows\SYSTEM32\UMPDC.dll
0x00007ffd32ec0000 - 0x00007ffd32ed2000 	C:\Windows\SYSTEM32\kernel.appcore.dll
0x00007ffd2b990000 - 0x00007ffd2b99a000 	C:\Program Files\Java\jdk-22\bin\jimage.dll
0x00007ffd322e0000 - 0x00007ffd324c4000 	C:\Windows\SYSTEM32\DBGHELP.DLL
0x00007ffd2b500000 - 0x00007ffd2b534000 	C:\Windows\SYSTEM32\dbgcore.DLL
0x00007ffd34d70000 - 0x00007ffd34df2000 	C:\Windows\System32\bcryptPrimitives.dll
0x00007ffd0a5a0000 - 0x00007ffd0a5dc000 	C:\Program Files\Java\jdk-22\bin\jdwp.dll
0x00007ffd2b960000 - 0x00007ffd2b96f000 	C:\Program Files\Java\jdk-22\bin\instrument.dll
0x00007ffd147a0000 - 0x00007ffd147be000 	C:\Program Files\Java\jdk-22\bin\java.dll
0x00007ffd35800000 - 0x00007ffd35f6c000 	C:\Windows\System32\SHELL32.dll
0x00007ffd35070000 - 0x00007ffd3519b000 	C:\Windows\System32\ole32.dll
0x00007ffd36000000 - 0x00007ffd36353000 	C:\Windows\System32\combase.dll
0x00007ffd32710000 - 0x00007ffd32ead000 	C:\Windows\SYSTEM32\windows.storage.dll
0x00007ffd33f60000 - 0x00007ffd33f8e000 	C:\Windows\SYSTEM32\Wldp.dll
0x00007ffd36360000 - 0x00007ffd3642d000 	C:\Windows\System32\OLEAUT32.dll
0x00007ffd354c0000 - 0x00007ffd3556d000 	C:\Windows\System32\SHCORE.dll
0x00007ffd35250000 - 0x00007ffd352a5000 	C:\Windows\System32\shlwapi.dll
0x00007ffd34620000 - 0x00007ffd34644000 	C:\Windows\SYSTEM32\profapi.dll
0x00007ffcf9990000 - 0x00007ffcf9a67000 	C:\Program Files\Java\jdk-22\bin\jsvml.dll
0x00007ffd269d0000 - 0x00007ffd269dc000 	C:\Program Files\Java\jdk-22\bin\dt_socket.dll
0x00007ffd33a40000 - 0x00007ffd33a7b000 	C:\Windows\SYSTEM32\IPHLPAPI.DLL
0x00007ffd33d40000 - 0x00007ffd33daa000 	C:\Windows\system32\mswsock.dll
0x00007ffd33a80000 - 0x00007ffd33b4a000 	C:\Windows\SYSTEM32\DNSAPI.dll
0x00007ffd36fb0000 - 0x00007ffd36fb8000 	C:\Windows\System32\NSI.dll
0x00007ffd2dfe0000 - 0x00007ffd2dfea000 	C:\Windows\System32\rasadhlp.dll
0x00007ffd24410000 - 0x00007ffd24490000 	C:\Windows\System32\fwpuclnt.dll
0x00007ffd10b00000 - 0x00007ffd10b17000 	C:\Program Files\Java\jdk-22\bin\zip.dll
0x00007ffd26900000 - 0x00007ffd26910000 	C:\Program Files\Java\jdk-22\bin\net.dll
0x00007ffd0d670000 - 0x00007ffd0d686000 	C:\Program Files\Java\jdk-22\bin\nio.dll
0x00007ffd26880000 - 0x00007ffd2688a000 	C:\Program Files\Java\jdk-22\bin\management.dll
0x00007ffd25ba0000 - 0x00007ffd25bab000 	C:\Program Files\Java\jdk-22\bin\management_ext.dll
0x00007ffd352b0000 - 0x00007ffd352b8000 	C:\Windows\System32\PSAPI.DLL
0x00007ffd25b50000 - 0x00007ffd25b5b000 	C:\Program Files\Java\jdk-22\bin\le.dll
0x00007ffd24850000 - 0x00007ffd2485e000 	C:\Program Files\Java\jdk-22\bin\sunmscapi.dll
0x00007ffd34f10000 - 0x00007ffd3506e000 	C:\Windows\System32\CRYPT32.dll
0x00007ffd33fd0000 - 0x00007ffd33ff9000 	C:\Windows\SYSTEM32\ncrypt.dll
0x00007ffd33f90000 - 0x00007ffd33fcb000 	C:\Windows\SYSTEM32\NTASN1.dll
0x00007ffd34330000 - 0x00007ffd34348000 	C:\Windows\SYSTEM32\CRYPTSP.dll
0x00007ffd33680000 - 0x00007ffd336b4000 	C:\Windows\system32\rsaenh.dll
0x00007ffd345d0000 - 0x00007ffd345fe000 	C:\Windows\SYSTEM32\USERENV.dll
0x00007ffd33ed0000 - 0x00007ffd33edc000 	C:\Windows\SYSTEM32\CRYPTBASE.dll
0x00007ffd23bc0000 - 0x00007ffd23bc9000 	C:\Program Files\Java\jdk-22\bin\extnet.dll
0x00007ffd23ae0000 - 0x00007ffd23af0000 	C:\Program Files\Java\jdk-22\bin\verify.dll
0x00007ffd22d70000 - 0x00007ffd22d77000 	C:\Windows\system32\wshunix.dll
0x00007ffd10510000 - 0x00007ffd10527000 	C:\Windows\system32\napinsp.dll
0x00007ffd104c0000 - 0x00007ffd104db000 	C:\Windows\system32\pnrpnsp.dll
0x00007ffd2f8e0000 - 0x00007ffd2f8f5000 	C:\Windows\system32\wshbth.dll
0x00007ffd2ca90000 - 0x00007ffd2caad000 	C:\Windows\system32\NLAapi.dll
0x00007ffd104a0000 - 0x00007ffd104b2000 	C:\Windows\System32\winrnr.dll

dbghelp: loaded successfully - version: 4.0.5 - missing functions: none
symbol engine: initialized successfully - sym options: 0x614 - pdb path: .;C:\Program Files\Java\jdk-22\bin;C:\Windows\SYSTEM32;C:\Windows\WinSxS\amd64_microsoft.windows.common-controls_6595b64144ccf1df_6.0.19041.4355_none_60b8b9eb71f62e16;C:\Program Files\Java\jdk-22\bin\server

VM Arguments:
jvm_args: -XX:+ShowCodeDetailsInExceptionMessages -agentlib:jdwp=transport=dt_socket,suspend=y,address=localhost:60417 -javaagent:C:\eclipse\configuration\org.eclipse.osgi\251\0\.cp\lib\javaagent-shaded.jar -Dfile.encoding=UTF-8 -Dstdout.encoding=UTF-8 -Dstderr.encoding=UTF-8 
java_command: com.example.codesolver.CodeSolverApplication
java_class_path (initial): F:\Code Solver\Backend\codesolver-api\target\classes;C:\Users\elecy\.m2\repository\org\springframework\boot\spring-boot-starter-data-jpa\3.3.1\spring-boot-starter-data-jpa-3.3.1.jar;C:\Users\elecy\.m2\repository\org\springframework\boot\spring-boot-starter-aop\3.3.1\spring-boot-starter-aop-3.3.1.jar;C:\Users\elecy\.m2\repository\org\springframework\spring-aop\6.1.10\spring-aop-6.1.10.jar;C:\Users\elecy\.m2\repository\org\aspectj\aspectjweaver\1.9.22\aspectjweaver-1.9.22.jar;C:\Users\elecy\.m2\repository\org\springframework\boot\spring-boot-starter-jdbc\3.3.1\spring-boot-starter-jdbc-3.3.1.jar;C:\Users\elecy\.m2\repository\com\zaxxer\HikariCP\5.1.0\HikariCP-5.1.0.jar;C:\Users\elecy\.m2\repository\org\springframework\spring-jdbc\6.1.10\spring-jdbc-6.1.10.jar;C:\Users\elecy\.m2\repository\org\hibernate\orm\hibernate-core\6.5.2.Final\hibernate-core-6.5.2.Final.jar;C:\Users\elecy\.m2\repository\jakarta\persistence\jakarta.persistence-api\3.1.0\jakarta.persistence-api-3.1.0.jar;C:\Users\elecy\.m2\repository\jakarta\transaction\jakarta.transaction-api\2.0.1\jakarta.transaction-api-2.0.1.jar;C:\Users\elecy\.m2\repository\org\jboss\logging\jboss-logging\3.5.3.Final\jboss-logging-3.5.3.Final.jar;C:\Users\elecy\.m2\repository\org\hibernate\common\hibernate-commons-annotations\6.0.6.Final\hibernate-commons-annotations-6.0.6.Final.jar;C:\Users\elecy\.m2\repository\io\smallrye\jandex\3.1.2\jandex-3.1.2.jar;C:\Users\elecy\.m2\repository\com\fasterxml\classmate\1.7.0\classmate-1.7.0.jar;C:\Users\elecy\.m2\repository\net\bytebuddy\byte-buddy\1.14.17\byte-buddy-1.14.17.jar;C:\Users\elecy\.m2\repository\org\glassfish\jaxb\jaxb-runtime\4.0.5\jaxb-runtime-4.0.5.jar;C:\Users\elecy\.m2\repository\org\glassfish\jaxb\jaxb-core\4.0.5\jaxb-core-4.0.5.jar;C:\Users\elecy\.m2\repository\org\glassfish\jaxb\txw2\4.0.5\txw2-4.0.5.jar;C:\Users\elecy\.m2\repository\com\sun\istack\istack-commons-runtime\4.1.2\istack-commons-runtime-4.1.2.jar;C:\Users\elecy\.m2\repository\jakarta\inject\jakarta.inject-api\2.0.1\jakarta.inject-api-2.0.1.jar;C:\Users\elecy\.m2\repository\org\antlr\antlr4-runtime\4.13.0\antlr4-runtime-4.13.0.jar;C:\Users\elecy\.m2\repository\org\springframework\data\spring-data-jpa\3.3.1\spring-data-jpa-3.3.1.jar;C:\Users\elecy\.m2\repository\org\springframework\data\spring-data-commons\3.3.1\spring-data-commons-3.3.1.jar;C:\Users\elecy\.m2\repository\org\springframework\spring-orm\6.1.10\spring-orm-6.1.10.jar;C:\Users\elecy\.m2\repository\org\springframework\spring-context\6.1.10\spring-context-6.1.10.jar;C:\Users\elecy\.m2\repository\org\springframework\spring-tx\6.1.10\spring-tx-6.1.10.jar;C:\Users\elecy\.m2\repository\org\springframework\spring-beans\6.1.10\spring-beans-6.1.10.jar;C:\Users\elecy\.m2\repository\jakarta\annotation\jakarta.annotation-api\2.1.1\jakarta.annotation-api-2.1.1.jar;C:\Users\elecy\.m2\repository\org\slf4j\slf4j-api\2.0.13\slf4j-api-2.0.13.jar;C:\Users\elecy\.m2\repository\org\springframework\spring-aspects\6.1.10\spring-aspects-6.1.10.jar;C:\Users\elecy\.m2\repository\org\springframework\boot\spring-boot-starter-web\3.3.1\spring-boot-starter-web-3.3.1.jar;C:\Users\elecy\.m2\repository\org\springframework\boot\spring-boot-starter\3.3.1\spring-boot-starter-3.3.1.jar;C:\Users\elecy\.m2\repository\org\springframework\boot\spring-boot-starter-logging\3.3.1\spring-boot-starter-logging-3.3.1.jar;C:\Users\elecy\.m2\repository\ch\qos\logback\logback-classic\1.5.6\logback-classic-1.5.6.jar;C:\Users\elecy\.m2\repository\ch\qos\logback\logback-core\1.5.6\logback-core-1.5.6.jar;C:\Users\elecy\.m2\repository\org\apache\logging\log4j\log4j-to-slf4j\2.23.1\log4j-to-slf4j-2.23.1.jar;C:\Users\elecy\.m2\repository\org\apache\logging\log4j\log4j-api\2.23.1\log4j-api-2.23.1.jar;C:\Users\elecy\.m2\repository\org\slf4j\jul-to-slf4j\2.0.13\jul-to-slf4j-2.0.13.jar;C:\Users\elecy\.m2\repository\org\yaml\snakeyaml\2.2\snakeyaml-2.2.jar;C:\Users\elecy\.m2\repository\org\springframework\boot\spring-boot-starter-json\3.3.1\spring-boot-starter-json-3.3.1.jar;C:\Users\elecy\.m2\repository\com\fasterxml\jackson\core\jackson-databind\2.17.1\jackson-databind-2.17.1.jar;C:\Users\elecy\.m2\repository\com\fasterxml\jackson\core\jackson-annotations\2.17.1\jackson-annotations-2.17.1.jar;C:\Users\elecy\.m2\repository\com\fasterxml\jackson\core\jackson-core\2.17.1\jackson-core-2.17.1.jar;C:\Users\elecy\.m2\repository\com\fasterxml\jackson\datatype\jackson-datatype-jdk8\2.17.1\jackson-datatype-jdk8-2.17.1.jar;C:\Users\elecy\.m2\repository\com\fasterxml\jackson\datatype\jackson-datatype-jsr310\2.17.1\jackson-datatype-jsr310-2.17.1.jar;C:\Users\elecy\.m2\repository\com\fasterxml\jackson\module\jackson-module-parameter-names\2.17.1\jackson-module-parameter-names-2.17.1.jar;C:\Users\elecy\.m2\repository\org\springframework\boot\spring-boot-starter-tomcat\3.3.1\spring-boot-starter-tomcat-3.3.1.jar;C:\Users\elecy\.m2\repository\org\apache\tomcat\embed\tomcat-embed-core\10.1.25\tomcat-embed-core-10.1.25.jar;C:\Users\elecy\.m2\repository\org\apache\tomcat\embed\tomcat-embed-el\10.1.25\tomcat-embed-el-10.1.25.jar;C:\Users\elecy\.m2\repository\org\apache\tomcat\embed\tomcat-embed-websocket\10.1.25\tomcat-embed-websocket-10.1.25.jar;C:\Users\elecy\.m2\repository\org\springframework\spring-web\6.1.10\spring-web-6.1.10.jar;C:\Users\elecy\.m2\repository\io\micrometer\micrometer-observation\1.13.1\micrometer-observation-1.13.1.jar;C:\Users\elecy\.m2\repository\io\micrometer\micrometer-commons\1.13.1\micrometer-commons-1.13.1.jar;C:\Users\elecy\.m2\repository\org\springframework\spring-webmvc\6.1.10\spring-webmvc-6.1.10.jar;C:\Users\elecy\.m2\repository\org\springframework\spring-expression\6.1.10\spring-expression-6.1.10.jar;C:\Users\elecy\.m2\repository\org\springframework\boot\spring-boot-devtools\3.3.1\spring-boot-devtools-3.3.1.jar;C:\Users\elecy\.m2\repository\org\springframework\boot\spring-boot\3.3.1\spring-boot-3.3.1.jar;C:\Users\elecy\.m2\repository\org\springframework\boot\spring-boot-autoconfigure\3.3.1\spring-boot-autoconfigure-3.3.1.jar;C:\Users\elecy\.m2\repository\com\mysql\mysql-connector-j\8.3.0\mysql-connector-j-8.3.0.jar;C:\Users\elecy\.m2\repository\org\projectlombok\lombok\1.18.32\lombok-1.18.32.jar;C:\Users\elecy\.m2\repository\jakarta\xml\bind\jakarta.xml.bind-api\4.0.2\jakarta.xml.bind-api-4.0.2.jar;C:\Users\elecy\.m2\repository\jakarta\activation\jakarta.activation-api\2.1.3\jakarta.activation-api-2.1.3.jar;C:\Users\elecy\.m2\repository\org\springframework\spring-core\6.1.10\spring-core-6.1.10.jar;C:\Users\elecy\.m2\repository\org\springframework\spring-jcl\6.1.10\spring-jcl-6.1.10.jar;C:\Users\elecy\.m2\repository\com\sun\mail\javax.mail\1.6.2\javax.mail-1.6.2.jar;C:\Users\elecy\.m2\repository\javax\activation\activation\1.1\activation-1.1.jar;C:\Users\elecy\.m2\repository\org\springframework\boot\spring-boot-starter-mail\3.3.1\spring-boot-starter-mail-3.3.1.jar;C:\Users\elecy\.m2\repository\org\springframework\spring-context-support\6.1.10\spring-context-support-6.1.10.jar;C:\Users\elecy\.m2\repository\org\eclipse\angus\jakarta.mail\2.0.3\jakarta.mail-2.0.3.jar;C:\Users\elecy\.m2\repository\org\eclipse\angus\angus-activation\2.0.2\angus-activation-2.0.2.jar
Launcher Type: SUN_STANDARD

[Global flags]
     intx CICompilerCount                          = 3                                         {product} {ergonomic}
     uint ConcGCThreads                            = 1                                         {product} {ergonomic}
     uint G1ConcRefinementThreads                  = 4                                         {product} {ergonomic}
   size_t G1HeapRegionSize                         = 1048576                                   {product} {ergonomic}
   size_t InitialHeapSize                          = 134217728                                 {product} {ergonomic}
   size_t MarkStackSize                            = 4194304                                   {product} {ergonomic}
   size_t MaxHeapSize                              = 2124414976                                {product} {ergonomic}
   size_t MaxNewSize                               = 1274019840                                {product} {ergonomic}
   size_t MinHeapDeltaBytes                        = 1048576                                   {product} {ergonomic}
   size_t MinHeapSize                              = 8388608                                   {product} {ergonomic}
    uintx NonNMethodCodeHeapSize                   = 5832780                                {pd product} {ergonomic}
    uintx NonProfiledCodeHeapSize                  = 122912730                              {pd product} {ergonomic}
    uintx ProfiledCodeHeapSize                     = 122912730                              {pd product} {ergonomic}
    uintx ReservedCodeCacheSize                    = 251658240                              {pd product} {ergonomic}
     bool SegmentedCodeCache                       = true                                      {product} {ergonomic}
     bool ShowCodeDetailsInExceptionMessages       = true                                   {manageable} {command line}
   size_t SoftMaxHeapSize                          = 2124414976                             {manageable} {ergonomic}
     bool UseCompressedOops                        = true                           {product lp64_product} {ergonomic}
     bool UseG1GC                                  = true                                      {product} {ergonomic}
     bool UseLargePagesIndividualAllocation        = false                                  {pd product} {ergonomic}

Logging:
Log output configuration:
 #0: stdout all=warning uptime,level,tags foldmultilines=false
 #1: stderr all=off uptime,level,tags foldmultilines=false

Environment Variables:
JAVA_HOME=C:\Program Files\Eclipse Adoptium\jdk-8.0.402.6-hotspot\
PATH=C:/eclipse//plugins/org.eclipse.justj.openjdk.hotspot.jre.full.win32.x86_64_17.0.10.v20240120-1143/jre/bin/server;C:/eclipse//plugins/org.eclipse.justj.openjdk.hotspot.jre.full.win32.x86_64_17.0.10.v20240120-1143/jre/bin;C:\Program Files\Common Files\Oracle\Java\javapath;C:\Program Files\Eclipse Adoptium\jdk-8.0.402.6-hotspot\bin;C:\Program Files\Eclipse Adoptium\jre-8.0.402.6-hotspot\bin;C:\Program Files (x86)\Common Files\Oracle\Java\java8path;C:\Program Files (x86)\Common Files\Oracle\Java\javapath;C:\Windows\system32;C:\Windows;C:\Windows\System32\Wbem;C:\Windows\System32\WindowsPowerShell\v1.0\;C:\Windows\System32\OpenSSH\;C:\Program Files\Microsoft VS Code\bin;C:\Program Files\Git\cmd;C:\Program Files\Docker\Docker\resources\bin;C:\Users\elecy\AppData\Roaming\nvm;C:\Program Files\nodejs;C:\Program Files\TortoiseGit\bin;C:\Users\elecy\AppData\Local\Programs\Python\Python38-32\;C:\Users\elecy\AppData\Local\Programs\Python\Python38-32\Scripts;C:\Program Files\Microsoft VS Code;C:\ProgramData\Microsoft\Windows\Start Menu\Programs\Visual Studio Code;C:\apache-maven-3.9.7\bin;C:\Program Files\Java\jdk-22\bin;C:\Users\elecy\AppData\Local\Programs\Python\Python38-32\Scripts\;C:\Users\elecy\AppData\Local\Programs\Python\Python38-32\;C:\Program Files\MySQL\MySQL Shell 8.0\bin\;C:\Users\elecy\AppData\Local\Microsoft\WindowsApps;C:\Users\elecy\AppData\Roaming\nvm\v20.5.0;C:\Users\elecy\AppData\Roaming\nvm;C:\Program Files\nodejs;C:\Program Files\Microsoft VS Code;C:\ProgramData\Microsoft\Windows\Start Menu\Programs\Visual Studio Code;;C:\eclipse;
USERNAME=elecy
OS=Windows_NT
PROCESSOR_IDENTIFIER=Intel64 Family 6 Model 142 Stepping 9, GenuineIntel
TMP=C:\Users\elecy\AppData\Local\Temp
TEMP=C:\Users\elecy\AppData\Local\Temp




Periodic native trim disabled

---------------  S Y S T E M  ---------------

OS:
 Windows 10 , 64 bit Build 19041 (10.0.19041.3636)
OS uptime: 11 days 7:22 hours
Hyper-V role detected

CPU: total 4 (initial active 4) (2 cores per cpu, 2 threads per core) family 6 model 142 stepping 9 microcode 0xde, cx8, cmov, fxsr, ht, mmx, 3dnowpref, sse, sse2, sse3, ssse3, sse4.1, sse4.2, popcnt, lzcnt, tsc, tscinvbit, avx, avx2, aes, erms, clmul, bmi1, bmi2, adx, fma, vzeroupper, clflush, clflushopt, hv, rdtscp, f16c
Processor Information for all 4 processors :
  Max Mhz: 2401, Current Mhz: 2401, Mhz Limit: 2401

Memory: 4k page, system-wide physical 8103M (358M free)
TotalPageFile size 23381M (AvailPageFile size 4516M)
current process WorkingSet (physical memory assigned to process): 253M, peak: 277M
current process commit charge ("private bytes"): 306M, peak: 342M

vm_info: Java HotSpot(TM) 64-Bit Server VM (22.0.1+8-16) for windows-amd64 JRE (22.0.1+8-16), built on 2024-03-12T10:33:16Z by "mach5one" with MS VC++ 17.6 (VS2022)

END.
